<?xml version="1.0" encoding="UTF-8"?>
<!-- Generated by org.testng.reporters.JUnitReportReporter -->
<testsuite skipped="0" hostname="MSDES14" name="lambdaDemo.Lambdatest" tests="1" failures="0" timestamp="06 Jan 2022 07:11:23 GMT" time="5.002" errors="0">
  <testcase name="testScript" time="5.002" classname="lambdaDemo.Lambdatest"/>
</testsuite> <!-- lambdaDemo.Lambdatest -->
