<?xml version="1.0" encoding="UTF-8"?>
<!-- Generated by org.testng.reporters.JUnitReportReporter -->
<testsuite skipped="0" hostname="MSDES14" name="lambdaDemo.NavigateToZeenyx" tests="1" failures="0" timestamp="2022-01-07T16:46:12 IST" time="9.734" errors="0">
  <testcase name="testScript" time="9.734" classname="lambdaDemo.NavigateToZeenyx"/>
  <system-out/>
</testsuite> <!-- lambdaDemo.NavigateToZeenyx -->
