<?xml version="1.0" encoding="UTF-8"?>
<!-- Generated by org.testng.reporters.JUnitReportReporter -->
<testsuite skipped="0" hostname="MSDES14" name="lambdaDemo.Lambdatest" tests="1" failures="0" timestamp="2022-01-07T13:31:34 IST" time="4.885" errors="0">
  <testcase name="testScript" time="4.885" classname="lambdaDemo.Lambdatest"/>
  <system-out/>
</testsuite> <!-- lambdaDemo.Lambdatest -->
